warning: ignoring unsupported tag `ALLOW_UNICODE_NAMES    =' at line 13, file /home/travis/build/henrix/libdsp-x15/docs/Doxyfile
warning: ignoring unsupported tag `MARKDOWN_SUPPORT       =' at line 37, file /home/travis/build/henrix/libdsp-x15/docs/Doxyfile
warning: ignoring unsupported tag `AUTOLINK_SUPPORT       =' at line 38, file /home/travis/build/henrix/libdsp-x15/docs/Doxyfile
warning: ignoring unsupported tag `GROUP_NESTED_COMPOUNDS =' at line 44, file /home/travis/build/henrix/libdsp-x15/docs/Doxyfile
warning: ignoring unsupported tag `EXTRACT_PACKAGE        =' at line 55, file /home/travis/build/henrix/libdsp-x15/docs/Doxyfile
warning: ignoring unsupported tag `HIDE_COMPOUND_REFERENCE=' at line 67, file /home/travis/build/henrix/libdsp-x15/docs/Doxyfile
warning: ignoring unsupported tag `SHOW_GROUPED_MEMB_INC  =' at line 69, file /home/travis/build/henrix/libdsp-x15/docs/Doxyfile
warning: ignoring unsupported tag `WARN_AS_ERROR          =' at line 98, file /home/travis/build/henrix/libdsp-x15/docs/Doxyfile
warning: ignoring unsupported tag `USE_MDFILE_AS_MAINPAGE =' at line 120, file /home/travis/build/henrix/libdsp-x15/docs/Doxyfile
warning: ignoring unsupported tag `SOURCE_TOOLTIPS        =' at line 130, file /home/travis/build/henrix/libdsp-x15/docs/Doxyfile
warning: ignoring unsupported tag `HTML_EXTRA_STYLESHEET  =' at line 148, file /home/travis/build/henrix/libdsp-x15/docs/Doxyfile
warning: ignoring unsupported tag `HTML_INDEX_NUM_ENTRIES =' at line 155, file /home/travis/build/henrix/libdsp-x15/docs/Doxyfile
warning: ignoring unsupported tag `MATHJAX_FORMAT         =' at line 186, file /home/travis/build/henrix/libdsp-x15/docs/Doxyfile
warning: ignoring unsupported tag `MATHJAX_CODEFILE       =' at line 189, file /home/travis/build/henrix/libdsp-x15/docs/Doxyfile
warning: ignoring unsupported tag `EXTERNAL_SEARCH        =' at line 192, file /home/travis/build/henrix/libdsp-x15/docs/Doxyfile
warning: ignoring unsupported tag `SEARCHENGINE_URL       =' at line 193, file /home/travis/build/henrix/libdsp-x15/docs/Doxyfile
warning: ignoring unsupported tag `SEARCHDATA_FILE        =' at line 194, file /home/travis/build/henrix/libdsp-x15/docs/Doxyfile
warning: ignoring unsupported tag `EXTERNAL_SEARCH_ID     =' at line 195, file /home/travis/build/henrix/libdsp-x15/docs/Doxyfile
warning: ignoring unsupported tag `EXTRA_SEARCH_MAPPINGS  =' at line 196, file /home/travis/build/henrix/libdsp-x15/docs/Doxyfile
warning: ignoring unsupported tag `LATEX_EXTRA_STYLESHEET =' at line 209, file /home/travis/build/henrix/libdsp-x15/docs/Doxyfile
warning: ignoring unsupported tag `LATEX_EXTRA_FILES      =' at line 210, file /home/travis/build/henrix/libdsp-x15/docs/Doxyfile
warning: ignoring unsupported tag `LATEX_TIMESTAMP        =' at line 217, file /home/travis/build/henrix/libdsp-x15/docs/Doxyfile
warning: ignoring unsupported tag `RTF_SOURCE_CODE        =' at line 227, file /home/travis/build/henrix/libdsp-x15/docs/Doxyfile
warning: ignoring unsupported tag `MAN_SUBDIR             =' at line 234, file /home/travis/build/henrix/libdsp-x15/docs/Doxyfile
warning: ignoring unsupported tag `GENERATE_DOCBOOK       =' at line 245, file /home/travis/build/henrix/libdsp-x15/docs/Doxyfile
warning: ignoring unsupported tag `DOCBOOK_OUTPUT         =' at line 246, file /home/travis/build/henrix/libdsp-x15/docs/Doxyfile
warning: ignoring unsupported tag `DOCBOOK_PROGRAMLISTING =' at line 247, file /home/travis/build/henrix/libdsp-x15/docs/Doxyfile
warning: ignoring unsupported tag `EXTERNAL_PAGES         =' at line 278, file /home/travis/build/henrix/libdsp-x15/docs/Doxyfile
warning: ignoring unsupported tag `DIA_PATH               =' at line 285, file /home/travis/build/henrix/libdsp-x15/docs/Doxyfile
warning: ignoring unsupported tag `UML_LIMIT_NUM_FIELDS   =' at line 296, file /home/travis/build/henrix/libdsp-x15/docs/Doxyfile
warning: ignoring unsupported tag `DIAFILE_DIRS           =' at line 309, file /home/travis/build/henrix/libdsp-x15/docs/Doxyfile
warning: ignoring unsupported tag `PLANTUML_JAR_PATH      =' at line 310, file /home/travis/build/henrix/libdsp-x15/docs/Doxyfile
warning: ignoring unsupported tag `PLANTUML_INCLUDE_PATH  =' at line 311, file /home/travis/build/henrix/libdsp-x15/docs/Doxyfile
/home/travis/build/henrix/libdsp-x15/code/libdsp-x15/FilterBiquadSP.h:24: warning: Compound FilterBiquadSP is not documented.
/home/travis/build/henrix/libdsp-x15/code/libdsp-x15/DspTask.h:26: warning: Compound DspTask is not documented.
/home/travis/build/henrix/libdsp-x15/code/libdsp-x15/FFT_SP.h:29: warning: Compound FFT_SP is not documented.
/home/travis/build/henrix/libdsp-x15/code/libdsp-x15/IFFT_SP.h:28: warning: Compound IFFT_SP is not documented.
/home/travis/build/henrix/libdsp-x15/code/libdsp-x15/TaskProcessor.h:33: warning: Compound TaskProcessor is not documented.
/home/travis/build/henrix/libdsp-x15/code/libdsp-x15/DspTask.h:31: warning: Member OPERATION (enumeration) of class DspTask is not documented.
/home/travis/build/henrix/libdsp-x15/code/libdsp-x15/DspTask.h:33: warning: Member id (variable) of class DspTask is not documented.
/home/travis/build/henrix/libdsp-x15/code/libdsp-x15/DspTask.h:34: warning: Member operation (variable) of class DspTask is not documented.
/home/travis/build/henrix/libdsp-x15/code/libdsp-x15/DspTask.h:60: warning: Member DspTask(unsigned long id, OPERATION operation, std::function< void(DspTask &task)> callback, std::shared_ptr< cl::Context > clContext, std::shared_ptr< cl::Program > clProgram) (function) of class DspTask is not documented.
/home/travis/build/henrix/libdsp-x15/code/libdsp-x15/DspTask.h:67: warning: Member _assignClInputBuffersToQueue(std::shared_ptr< cl::CommandQueue > clCmdQueue)=0 (function) of class DspTask is not documented.
/home/travis/build/henrix/libdsp-x15/code/libdsp-x15/DspTask.h:69: warning: Member _assignClOutputBuffersToQueue(std::shared_ptr< cl::CommandQueue > clCmdQueue, std::vector< cl::Event > &preEvents)=0 (function) of class DspTask is not documented.
/home/travis/build/henrix/libdsp-x15/code/libdsp-x15/DspTask.h:81: warning: Member _createId() (function) of class DspTask is not documented.
/home/travis/build/henrix/libdsp-x15/code/libdsp-x15/DspTask.h:82: warning: Member _mallocBuffer(std::size_t size) (function) of class DspTask is not documented.
/home/travis/build/henrix/libdsp-x15/code/libdsp-x15/DspTask.h:83: warning: Member _freeBuffer(void *ptr) (function) of class DspTask is not documented.
/home/travis/build/henrix/libdsp-x15/code/libdsp-x15/DspTask.h:71: warning: Member _callback (variable) of class DspTask is not documented.
/home/travis/build/henrix/libdsp-x15/code/libdsp-x15/DspTask.h:74: warning: Member _clKernel (variable) of class DspTask is not documented.
/home/travis/build/henrix/libdsp-x15/code/libdsp-x15/DspTask.h:77: warning: Member _clContext (variable) of class DspTask is not documented.
/home/travis/build/henrix/libdsp-x15/code/libdsp-x15/DspTask.h:78: warning: Member _clProgram (variable) of class DspTask is not documented.
/home/travis/build/henrix/libdsp-x15/code/libdsp-x15/DspTaskFactory.h:41: warning: Member createFFT_SP(unsigned int N, std::function< void(DspTask &task)> callback, TaskProcessor &processor) (function) of class DspTaskFactory is not documented.
/home/travis/build/henrix/libdsp-x15/code/libdsp-x15/DspTaskFactory.h:42: warning: Member createIFFT_SP(unsigned int N, std::function< void(DspTask &task)> callback, TaskProcessor &processor) (function) of class DspTaskFactory is not documented.
/home/travis/build/henrix/libdsp-x15/code/libdsp-x15/DspTaskFactory.h:43: warning: Member createFilterBiquadSP(unsigned int N, std::function< void(DspTask &task)> callback, TaskProcessor &processor) (function) of class DspTaskFactory is not documented.
/home/travis/build/henrix/libdsp-x15/code/libdsp-x15/FFT_SP.h:39: warning: Member getN() (function) of class FFT_SP is not documented.
/home/travis/build/henrix/libdsp-x15/code/libdsp-x15/FFT_SP.h:59: warning: argument 'pointer' of command @param is not found in the argument list of FFT_SP::generateTwiddleFactors(unsigned int N, float *buffer)
/home/travis/build/henrix/libdsp-x15/code/libdsp-x15/FFT_SP.h:59: warning: The following parameters of FFT_SP::generateTwiddleFactors(unsigned int N, float *buffer) are not documented:
  parameter 'buffer'
/home/travis/build/henrix/libdsp-x15/code/libdsp-x15/IFFT_SP.h:38: warning: Member getN() (function) of class IFFT_SP is not documented.
/home/travis/build/henrix/libdsp-x15/code/libdsp-x15/IFFT_SP.h:58: warning: argument 'pointer' of command @param is not found in the argument list of IFFT_SP::generateTwiddleFactors(unsigned int N, float *buffer)
/home/travis/build/henrix/libdsp-x15/code/libdsp-x15/IFFT_SP.h:58: warning: The following parameters of IFFT_SP::generateTwiddleFactors(unsigned int N, float *buffer) are not documented:
  parameter 'buffer'
Searching for include files...
Searching for example files...
Searching for images...
Searching for dot files...
Searching for msc files...
Searching for files to exclude
Searching for files to process...
Searching for files in directory /home/travis/build/henrix/libdsp-x15/code/libdsp-x15
Reading and parsing tag files
Preprocessing /home/travis/build/henrix/libdsp-x15/code/libdsp-x15/DspTask.h...
Parsing file /home/travis/build/henrix/libdsp-x15/code/libdsp-x15/DspTask.h...
Preprocessing /home/travis/build/henrix/libdsp-x15/code/libdsp-x15/DspTaskFactory.h...
Parsing file /home/travis/build/henrix/libdsp-x15/code/libdsp-x15/DspTaskFactory.h...
Preprocessing /home/travis/build/henrix/libdsp-x15/code/libdsp-x15/FFT_SP.h...
Parsing file /home/travis/build/henrix/libdsp-x15/code/libdsp-x15/FFT_SP.h...
Preprocessing /home/travis/build/henrix/libdsp-x15/code/libdsp-x15/FilterBiquadSP.h...
Parsing file /home/travis/build/henrix/libdsp-x15/code/libdsp-x15/FilterBiquadSP.h...
Preprocessing /home/travis/build/henrix/libdsp-x15/code/libdsp-x15/IFFT_SP.h...
Parsing file /home/travis/build/henrix/libdsp-x15/code/libdsp-x15/IFFT_SP.h...
Preprocessing /home/travis/build/henrix/libdsp-x15/code/libdsp-x15/library.h...
Parsing file /home/travis/build/henrix/libdsp-x15/code/libdsp-x15/library.h...
Preprocessing /home/travis/build/henrix/libdsp-x15/code/libdsp-x15/TaskProcessor.h...
Parsing file /home/travis/build/henrix/libdsp-x15/code/libdsp-x15/TaskProcessor.h...
Building group list...
Building directory list...
Building namespace list...
Building file list...
Building class list...
Associating documentation with classes...
Computing nesting relations for classes...
Building example list...
Searching for enumerations...
Searching for documented typedefs...
Searching for members imported via using declarations...
Searching for included using directives...
Searching for documented variables...
Building member list...
Searching for friends...
Searching for documented defines...
Computing class inheritance relations...
Computing class usage relations...
Flushing cached template relations that have become invalid...
Creating members for template instances...
Computing class relations...
Add enum values to enums...
Searching for member function documentation...
Building page list...
Search for main page...
Computing page relations...
Determining the scope of groups...
Sorting lists...
Freeing entry tree
Determining which enums are documented
Computing member relations...
Building full member lists recursively...
Adding members to member groups.
Computing member references...
Inheriting documentation...
Generating disk names...
Adding source references...
Adding xrefitems...
Sorting member lists...
Generating citations page...
Counting data structures...
Resolving user defined references...
Finding anchors and sections in the documentation...
Combining using relations...
Adding members to index pages...
Generating style sheet...
Generating search indices...
Generating example documentation...
Generating file sources...
Generating code for file /home/travis/build/henrix/libdsp-x15/code/libdsp-x15/DspTask.h...
Generating code for file /home/travis/build/henrix/libdsp-x15/code/libdsp-x15/DspTaskFactory.h...
Generating code for file /home/travis/build/henrix/libdsp-x15/code/libdsp-x15/FFT_SP.h...
Generating code for file /home/travis/build/henrix/libdsp-x15/code/libdsp-x15/FilterBiquadSP.h...
Generating code for file /home/travis/build/henrix/libdsp-x15/code/libdsp-x15/IFFT_SP.h...
Generating code for file /home/travis/build/henrix/libdsp-x15/code/libdsp-x15/library.h...
Generating code for file /home/travis/build/henrix/libdsp-x15/code/libdsp-x15/TaskProcessor.h...
Generating file documentation...
Generating page documentation...
Generating group documentation...
Generating class documentation...
Generating docs for compound DspTask...
Generating docs for compound DspTaskFactory...
Generating docs for compound FFT_SP...
Generating docs for compound FilterBiquadSP...
Generating docs for compound IFFT_SP...
Generating docs for compound TaskProcesso/home/travis/build/henrix/libdsp-x15/code/libdsp-x15/TaskProcessor.h:36: warning: Member TaskProcessor(bool debug=0) (function) of class TaskProcessor is not documented.
r...
Generating namespace index...
Generating graph info page...
Generating index page...
Generating page index...
Generating module index...
Generating namespace index...
Generating namespace member index...
Generating annotated compound index...
Generating alphabetical compound index...
Generating hierarchical class index...
Generating member index...
Generating file index...
Generating file member index...
Generating example index...
finalizing index lists...
symbol cache used 90/65536 hits=3065 misses=90
lookup cache used 110/65536 hits=547 misses=112
finished...
